<?xml version="1.0" encoding="UTF-8"?>
<!-- Generated by org.testng.reporters.JUnitXMLReporter -->
<testsuite ignored="0" hostname="LM0003586" failures="1" tests="1" name="All Functional Tests" time="32.479" errors="0" timestamp="2025-07-02T13:01:14 IST">
  <testcase classname="com.amazon.webautomation.HomePageTest" name="verifyHomePageElements" time="20.846">
    <failure type="java.lang.AssertionError" message="Amazon logo not visible. expected [false] but found [true]">
      <![CDATA[java.lang.AssertionError: Amazon logo not visible. expected [false] but found [true]
at com.amazon.webautomation.HomePageTest.verifyHomePageElements(HomePageTest.java:19)
at java.base/java.util.ArrayList.forEach(ArrayList.java:1511)
... Removed 34 stack frames]]>
    </failure>
  </testcase> <!-- verifyHomePageElements -->
</testsuite> <!-- All Functional Tests -->
